[R1] spawned CAP:S12 (major exit for V3)
[R1] spawned CAP:S2 (major exit for V1)
[R1] spawned CAP:S4 (major exit for BG, V1, V2)
[R1] spawned CAP:S6 (major exit for BG)
[R1] executed R1:pm_hourly:S4 (hourly PRB for S4 over the outage-matched window) price=4.8; predicted=middle_zone actual=middle_zone
[R2] executed R2:ring_sample:INT:0 (sample 4 ring points in sector 0) price=4.92; predicted=clean actual=clean
[R3] drilled down CAP:S4 -> 3 per-cell children
[R3] executed R3:ring_sample:INT:1 (sample 4 ring points in sector 1) price=4.92; predicted=clean actual=contaminated
[R4] boundary expansion forced in sector 1 (integrity refuted)
[R5] spawned CAP:S10 (major exit for BG)
[R5] spawned CAP:S8 (major exit for BG)
[R5] executed R5:pm_hourly:S10 (hourly PRB for S10 over the outage-matched window) price=4.8; predicted=middle_zone actual=middle_zone
[R6] agent2 fuse active: routed to baseline this round
[R6] executed R6:pm_hourly:S4_c0 (hourly PRB for S4_c0 over the outage-matched window) price=4.8; predicted=middle_zone actual=middle_zone
[R7] drilled down CAP:S10 -> 3 per-cell children
[R7] executed R7:pm_hourly:S10_c0 (hourly PRB for S10_c0 over the outage-matched window) price=4.8; predicted=middle_zone actual=support_zone
[R8] executed R8:pm_hourly:S10_c1 (hourly PRB for S10_c1 over the outage-matched window) price=4.8; predicted=middle_zone actual=middle_zone
[R9] executed R9:pm_hourly:S10_c2 (hourly PRB for S10_c2 over the outage-matched window) price=4.8; predicted=middle_zone actual=middle_zone
[R10] agent2 fuse active: routed to baseline this round
[R10] executed R10:pm_hourly:S4_c1 (hourly PRB for S4_c1 over the outage-matched window) price=4.8; predicted=middle_zone actual=middle_zone
[R11] executed R11:pm_hourly:S4_c2 (hourly PRB for S4_c2 over the outage-matched window) price=4.8; predicted=middle_zone actual=middle_zone
[R12] agent2 fuse active: routed to baseline this round
[R12] executed R12:pm_hourly:S6 (hourly PRB for S6 over the outage-matched window) price=4.8; predicted=middle_zone actual=middle_zone
[R13] drilled down CAP:S6 -> 3 per-cell children
[R13] executed R13:profile:S10:same_weekday (historical profile (same_weekday) for S10 — judgment-firming, changes no claim directly) price=5.0; predicted=anchor_confirms actual=anchor_shifts
[R14] executed R14:profile:S4:same_weekday (historical profile (same_weekday) for S4 — judgment-firming, changes no claim directly) price=5.0; predicted=anchor_confirms actual=anchor_shifts
[R15] executed R15:profile:S6:same_weekday (historical profile (same_weekday) for S6 — judgment-firming, changes no claim directly) price=5.0; predicted=anchor_confirms actual=anchor_shifts
[R16] executed R16:pm_hourly:S6_c0 (hourly PRB for S6_c0 over the outage-matched window) price=4.8; predicted=middle_zone actual=middle_zone
[R17] agent2 fuse active: routed to baseline this round
[R17] executed R17:pm_hourly:S6_c1 (hourly PRB for S6_c1 over the outage-matched window) price=4.8; predicted=middle_zone actual=middle_zone
[R18] executed R18:pm_hourly:S6_c2 (hourly PRB for S6_c2 over the outage-matched window) price=4.8; predicted=middle_zone actual=support_zone
[R19] executed R19:pm_hourly:S8 (hourly PRB for S8 over the outage-matched window) price=4.8; predicted=middle_zone actual=middle_zone
[R20] drilled down CAP:S8 -> 3 per-cell children
[R20] executed R20:pm_hourly:S8_c0 (hourly PRB for S8_c0 over the outage-matched window) price=4.8; predicted=middle_zone actual=refute_zone
[R21] executed R21:ring_sample:INT:2 (sample 4 ring points in sector 2) price=4.92; predicted=clean actual=clean
[R22] executed R22:ring_sample:INT:3 (sample 4 ring points in sector 3) price=4.92; predicted=clean actual=clean
[R23] executed R23:ring_sample:INT:4 (sample 4 ring points in sector 4) price=4.92; predicted=clean actual=still_undecided
[R24] executed R24:ring_sample:INT:4 (sample 4 ring points in sector 4) price=4.92; predicted=clean actual=clean
[R25] executed R25:ring_sample:INT:5 (sample 4 ring points in sector 5) price=4.92; predicted=clean actual=clean
[R26] executed R26:ring_sample:INT:6 (sample 4 ring points in sector 6) price=4.92; predicted=clean actual=still_undecided
[R27] executed R27:ring_sample:INT:6 (sample 4 ring points in sector 6) price=4.92; predicted=clean actual=contaminated
[R28] boundary expansion forced in sector 6 (integrity refuted)
[R29] executed R29:ring_sample:INT:7 (sample 4 ring points in sector 7) price=4.92; predicted=clean actual=contaminated
[R30] boundary expansion forced in sector 7 (integrity refuted)
[R31] killed CAP:S6 (no longer anyone's best alternative)
[R31] killed CAP:S10 (no longer anyone's best alternative)
[R31] killed CAP:S8 (no longer anyone's best alternative)
[R31] executed R31:bg_sweep:COV:BG (background-grid sweep, 7 points) price=9.37; predicted=clears_theta actual=still_straddling
[R32] executed R32:pm_hourly:S2 (hourly PRB for S2 over the outage-matched window) price=4.8; predicted=middle_zone actual=middle_zone
[R33] drilled down CAP:S2 -> 3 per-cell children
[R33] executed R33:pm_hourly:S2_c0 (hourly PRB for S2_c0 over the outage-matched window) price=4.8; predicted=middle_zone actual=middle_zone
[R34] agent2 fuse active: routed to baseline this round
[R34] executed R34:pm_hourly:S2_c1 (hourly PRB for S2_c1 over the outage-matched window) price=4.8; predicted=middle_zone actual=support_zone
[R35] executed R35:pm_hourly:S2_c2 (hourly PRB for S2_c2 over the outage-matched window) price=4.8; predicted=middle_zone actual=middle_zone
[R36] executed R36:pm_15min:S2_c0 (15min PRB for S2_c0 over the outage-matched window) price=19.2; predicted=support actual=refute
[R37] no ticketed claims; idle round (stability check)
[R38] no ticketed claims; idle round (stability check)