[R1] spawned CAP:S11 (major exit for V1, V2)
[R1] spawned CAP:S2 (major exit for V4, V5, V6)
[R1] spawned CAP:S6 (major exit for BG, V1, V5)
[R1] spawned CAP:S8 (major exit for V2, V3)
[R1] executed R1:ring_sample:INT:0 (sample 4 ring points in sector 0) price=4.92; predicted=clean actual=clean
[R2] executed R2:ring_sample:INT:1 (sample 4 ring points in sector 1) price=4.92; predicted=clean actual=clean
[R3] executed R3:ring_sample:INT:2 (sample 4 ring points in sector 2) price=4.92; predicted=clean actual=clean
[R4] executed R4:pm_hourly:S6 (hourly PRB for S6 over the outage-matched window) price=6.4; predicted=middle_zone actual=support_zone
[R5] executed R5:ring_sample:INT:4 (sample 4 ring points in sector 4) price=4.92; predicted=clean actual=clean
[R6] agent2 rejected: top-quartile price requires a high-confidence grade (or a cheaply resolved prerequisite); got grade=low; re-prompting once
[R6] agent2 still non-compliant (top-quartile price requires a high-confidence grade (or a cheaply resolved prerequisite); got grade=low); routing this round to the fallback rule
[R6] executed R6:ring_sample:INT:5 (sample 4 ring points in sector 5) price=4.92; predicted=clean actual=still_undecided
[R7] executed R7:pm_hourly:S11 (hourly PRB for S11 over the outage-matched window) price=6.4; predicted=middle_zone actual=support_zone
[R8] executed R8:ring_sample:INT:5 (sample 4 ring points in sector 5) price=4.92; predicted=clean actual=clean
[R9] executed R9:ring_sample:INT:6 (sample 4 ring points in sector 6) price=4.92; predicted=clean actual=clean
[R10] executed R10:pm_hourly:S8 (hourly PRB for S8 over the outage-matched window) price=6.4; predicted=middle_zone actual=support_zone
[R11] agent2 rejected: top-quartile price requires a high-confidence grade (or a cheaply resolved prerequisite); got grade=low; re-prompting once
[R11] agent2 still non-compliant (top-quartile price requires a high-confidence grade (or a cheaply resolved prerequisite); got grade=low); routing this round to the fallback rule
[R11] executed R11:ring_sample:INT:7 (sample 4 ring points in sector 7) price=4.92; predicted=clean actual=still_undecided
[R12] agent2 rejected: top-quartile price requires a high-confidence grade (or a cheaply resolved prerequisite); got grade=low; re-prompting once
[R12] agent2 still non-compliant (top-quartile price requires a high-confidence grade (or a cheaply resolved prerequisite); got grade=low); routing this round to the fallback rule
[R12] executed R12:ring_sample:INT:7 (sample 4 ring points in sector 7) price=4.92; predicted=clean actual=clean
[R13] executed R13:pm_hourly:S2 (hourly PRB for S2 over the outage-matched window) price=6.4; predicted=middle_zone actual=support_zone