[R1] spawned CAP:S11 (major exit for BG, V4)
[R1] spawned CAP:S2 (major exit for BG, V1, V6)
[R1] spawned CAP:S4 (major exit for V1)
[R1] spawned CAP:S6 (major exit for BG, V3, V4, V5, V7)
[R1] spawned CAP:S9 (major exit for V3)
[R1] executed R1:ring_sample:INT:0 (sample 4 ring points in sector 0) price=4.92; predicted=clean actual=clean
[R2] executed R2:ring_sample:INT:1 (sample 4 ring points in sector 1) price=4.92; predicted=clean actual=clean
[R3] executed R3:ring_sample:INT:2 (sample 4 ring points in sector 2) price=4.92; predicted=clean actual=contaminated
[R4] boundary expansion forced in sector 2 (integrity refuted)
[R5] spawned CAP:S8 (major exit for BG)
[R5] executed R5:pm_hourly:S6 (hourly PRB for S6 over the outage-matched window) price=6.4; predicted=middle_zone actual=middle_zone
[R6] drilled down CAP:S6 -> 3 per-cell children
[R6] executed R6:pm_hourly:S6_c0 (hourly PRB for S6_c0 over the outage-matched window) price=6.4; predicted=middle_zone actual=middle_zone
[R7] agent2 fuse active: routed to baseline this round
[R7] executed R7:pm_hourly:S6_c1 (hourly PRB for S6_c1 over the outage-matched window) price=6.4; predicted=middle_zone actual=middle_zone
[R8] executed R8:pm_hourly:S6_c2 (hourly PRB for S6_c2 over the outage-matched window) price=6.4; predicted=middle_zone actual=support_zone
[R9] executed R9:pm_hourly:S2 (hourly PRB for S2 over the outage-matched window) price=6.4; predicted=middle_zone actual=support_zone
[R10] executed R10:ring_sample:INT:3 (sample 4 ring points in sector 3) price=4.92; predicted=clean actual=clean
[R11] executed R11:ring_sample:INT:4 (sample 4 ring points in sector 4) price=4.92; predicted=clean actual=clean
[R12] executed R12:pm_hourly:S11 (hourly PRB for S11 over the outage-matched window) price=6.4; predicted=middle_zone actual=middle_zone
[R13] drilled down CAP:S11 -> 3 per-cell children
[R13] executed R13:pm_hourly:S11_c0 (hourly PRB for S11_c0 over the outage-matched window) price=6.4; predicted=middle_zone actual=support_zone
[R14] executed R14:pm_hourly:S11_c1 (hourly PRB for S11_c1 over the outage-matched window) price=6.4; predicted=middle_zone actual=refute_zone
[R15] executed R15:pm_hourly:S9 (hourly PRB for S9 over the outage-matched window) price=6.4; predicted=middle_zone actual=middle_zone
[R16] drilled down CAP:S9 -> 3 per-cell children
[R16] executed R16:pm_hourly:S9_c0 (hourly PRB for S9_c0 over the outage-matched window) price=6.4; predicted=middle_zone actual=middle_zone
[R17] agent2 fuse active: routed to baseline this round
[R17] executed R17:pm_hourly:S9_c1 (hourly PRB for S9_c1 over the outage-matched window) price=6.4; predicted=middle_zone actual=middle_zone
[R18] executed R18:pm_hourly:S9_c2 (hourly PRB for S9_c2 over the outage-matched window) price=6.4; predicted=middle_zone actual=middle_zone
[R19] agent2 fuse active: routed to baseline this round
[R19] executed R19:pm_15min:S6_c0 (15min PRB for S6_c0 over the outage-matched window) price=25.6; predicted=refute actual=refute
[R20] executed R20:ring_sample:INT:5 (sample 4 ring points in sector 5) price=4.92; predicted=clean actual=clean
[R21] executed R21:ring_sample:INT:6 (sample 4 ring points in sector 6) price=4.92; predicted=clean actual=clean
[R22] executed R22:pm_hourly:S4 (hourly PRB for S4 over the outage-matched window) price=6.4; predicted=middle_zone actual=support_zone
[R23] executed R23:ring_sample:INT:7 (sample 4 ring points in sector 7) price=4.92; predicted=clean actual=clean