[R1] spawned CAP:S10 (major exit for BG)
[R1] spawned CAP:S12 (major exit for V3)
[R1] spawned CAP:S2 (major exit for BG, V1, V4)
[R1] spawned CAP:S8 (major exit for V2, V3)
[R1] boundary expansion forced in sector 2 (integrity refuted)
[R2] executed R2:ring_sample:INT:0 (sample 4 ring points in sector 0) price=4.92; predicted=clean actual=clean
[R3] executed R3:ring_sample:INT:1 (sample 4 ring points in sector 1) price=4.92; predicted=clean actual=clean
[R4] executed R4:ring_sample:INT:2 (sample 4 ring points in sector 2) price=4.92; predicted=clean actual=clean
[R5] executed R5:ring_sample:INT:3 (sample 4 ring points in sector 3) price=4.92; predicted=clean actual=clean
[R6] executed R6:pm_hourly:S2 (hourly PRB for S2 over the outage-matched window) price=6.4; predicted=middle_zone actual=support_zone
[R7] executed R7:ring_sample:INT:4 (sample 4 ring points in sector 4) price=4.92; predicted=clean actual=clean
[R8] executed R8:pm_hourly:S8 (hourly PRB for S8 over the outage-matched window) price=6.4; predicted=middle_zone actual=support_zone
[R9] executed R9:ring_sample:INT:5 (sample 4 ring points in sector 5) price=4.92; predicted=clean actual=contaminated
[R10] boundary expansion forced in sector 5 (integrity refuted)
[R11] executed R11:ring_sample:INT:6 (sample 4 ring points in sector 6) price=4.92; predicted=clean actual=still_undecided
[R12] executed R12:pm_hourly:S10 (hourly PRB for S10 over the outage-matched window) price=6.4; predicted=middle_zone actual=support_zone
[R13] executed R13:ring_sample:INT:6 (sample 4 ring points in sector 6) price=4.92; predicted=clean actual=clean
[R14] executed R14:pm_hourly:S12 (hourly PRB for S12 over the outage-matched window) price=6.4; predicted=middle_zone actual=support_zone
[R15] executed R15:bg_sweep:COV:BG (background-grid sweep, 8 points) price=10.93; predicted=falls_below_theta actual=still_straddling
[R16] agent1 fuse active: routed to baseline this round
[R16] executed R16:bg_sweep:COV:BG (background-grid sweep, 7 points) price=9.37; predicted=falls_below_theta actual=still_straddling
[R17] executed R17:bg_sweep:COV:BG (background-grid sweep, 8 points) price=10.93; predicted=still_straddling actual=still_straddling
[R18] executed R18:bg_sweep:COV:BG (background-grid sweep, 7 points) price=9.37; predicted=falls_below_theta actual=still_straddling
[R19] spawned CAP:S4 (major exit for BG)
[R19] agent1 fuse active: routed to baseline this round
[R19] executed R19:pm_hourly:S4 (hourly PRB for S4 over the outage-matched window) price=6.4; predicted=middle_zone actual=support_zone
[R20] executed R20:bg_sweep:COV:BG (background-grid sweep, 8 points) price=10.93; predicted=falls_below_theta actual=still_straddling
[R21] killed CAP:S10 (no longer anyone's best alternative)
[R21] executed R21:bg_sweep:COV:BG (background-grid sweep, 7 points) price=9.37; predicted=falls_below_theta actual=still_straddling
[R22] agent1 fuse active: routed to baseline this round
[R22] executed R22:bg_sweep:COV:BG (background-grid sweep, 8 points) price=10.93; predicted=falls_below_theta actual=still_straddling
[R23] executed R23:bg_sweep:COV:BG (background-grid sweep, 8 points) price=10.93; predicted=falls_below_theta actual=still_straddling
[R24] executed R24:bg_sweep:COV:BG (background-grid sweep, 8 points) price=10.93; predicted=falls_below_theta actual=still_straddling
[R25] agent1 fuse active: routed to baseline this round
[R25] executed R25:bg_sweep:COV:BG (background-grid sweep, 6 points) price=7.85; predicted=still_straddling actual=still_straddling
[R26] executed R26:bg_sweep:COV:BG (background-grid sweep, 7 points) price=9.37; predicted=still_straddling actual=still_straddling
[R27] killed CAP:S4 (no longer anyone's best alternative)
[R27] executed R27:bg_sweep:COV:BG (background-grid sweep, 7 points) price=9.37; predicted=still_straddling actual=still_straddling
[R28] executed R28:bg_sweep:COV:BG (background-grid sweep, 5 points) price=6.37; predicted=still_straddling actual=still_straddling
[R29] executed R29:bg_sweep:COV:BG (background-grid sweep, 7 points) price=9.37; predicted=still_straddling actual=still_straddling
[R30] executed R30:bg_sweep:COV:BG (background-grid sweep, 7 points) price=9.37; predicted=still_straddling actual=still_straddling
[R31] executed R31:bg_sweep:COV:BG (background-grid sweep, 8 points) price=10.93; predicted=falls_below_theta actual=still_straddling
[R32] executed R32:bg_sweep:COV:BG (background-grid sweep, 8 points) price=10.93; predicted=falls_below_theta actual=still_straddling
[R33] agent1 fuse active: routed to baseline this round
[R33] executed R33:bg_sweep:COV:BG (background-grid sweep, 8 points) price=10.93; predicted=falls_below_theta actual=still_straddling
[R34] executed R34:bg_sweep:COV:BG (background-grid sweep, 8 points) price=10.93; predicted=falls_below_theta actual=still_straddling
[R35] executed R35:bg_sweep:COV:BG (background-grid sweep, 8 points) price=10.93; predicted=still_straddling actual=still_straddling
[R36] executed R36:bg_sweep:COV:BG (background-grid sweep, 6 points) price=7.85; predicted=still_straddling actual=still_straddling
[R37] executed R37:bg_sweep:COV:BG (background-grid sweep, 6 points) price=7.85; predicted=still_straddling actual=still_straddling
[R38] executed R38:bg_sweep:COV:BG (background-grid sweep, 6 points) price=7.85; predicted=still_straddling actual=still_straddling
[R39] executed R39:bg_sweep:COV:BG (background-grid sweep, 8 points) price=10.93; predicted=still_straddling actual=still_straddling
[R40] executed R40:bg_sweep:COV:BG (background-grid sweep, 7 points) price=9.37; predicted=still_straddling actual=still_straddling
[R41] executed R41:bg_sweep:COV:BG (background-grid sweep, 6 points) price=7.85; predicted=still_straddling actual=still_straddling
[R42] executed R42:bg_sweep:COV:BG (background-grid sweep, 8 points) price=10.93; predicted=still_straddling actual=still_straddling
[R43] executed R43:bg_sweep:COV:BG (background-grid sweep, 7 points) price=9.37; predicted=still_straddling actual=still_straddling
[R44] executed R44:bg_sweep:COV:BG (background-grid sweep, 7 points) price=9.37; predicted=still_straddling actual=still_straddling
[R45] executed R45:bg_sweep:COV:BG (background-grid sweep, 8 points) price=10.93; predicted=still_straddling actual=still_straddling
[R46] executed R46:bg_sweep:COV:BG (background-grid sweep, 8 points) price=10.93; predicted=still_straddling actual=still_straddling
[R47] executed R47:profile:S12:same_weekday (historical profile (same_weekday) for S12 — judgment-firming, changes no claim directly) price=5.0; predicted=anchor_confirms actual=anchor_confirms
[R48] target baseline RRC unaffordable at stop