[R1] spawned CAP:S1 (major exit for V3)
[R1] spawned CAP:S2 (major exit for BG)
[R1] spawned CAP:S4 (major exit for V1, V3, V4)
[R1] spawned CAP:S6 (major exit for V2)
[R1] spawned CAP:S8 (major exit for V2, V5, V6)
[R1] boundary expansion forced in sector 2 (integrity refuted)
[R2] executed R2:coverage_densify:COV:V5 (densify 2 unsampled evidence cells in V5) price=2.22; predicted=clears_theta actual=clears_theta
[R3] executed R3:ring_sample:INT:0 (sample 4 ring points in sector 0) price=4.92; predicted=clean actual=contaminated
[R4] boundary expansion forced in sector 0 (integrity refuted)
[R5] spawned CAP:S12 (major exit for BG)
[R5] executed R5:ring_sample:INT:1 (sample 4 ring points in sector 1) price=4.92; predicted=clean actual=contaminated
[R6] boundary expansion forced in sector 1 (integrity refuted)
[R7] executed R7:ring_sample:INT:3 (sample 4 ring points in sector 3) price=4.92; predicted=clean actual=clean
[R8] executed R8:pm_hourly:S8 (hourly PRB for S8 over the outage-matched window) price=9.6; predicted=middle_zone actual=middle_zone
[R9] drilled down CAP:S8 -> 3 per-cell children
[R9] executed R9:pm_hourly:S12 (hourly PRB for S12 over the outage-matched window) price=9.6; predicted=middle_zone actual=support_zone
[R10] executed R10:pm_hourly:S2 (hourly PRB for S2 over the outage-matched window) price=9.6; predicted=middle_zone actual=support_zone
[R11] executed R11:ring_sample:INT:4 (sample 4 ring points in sector 4) price=4.92; predicted=clean actual=clean
[R12] executed R12:ring_sample:INT:5 (sample 4 ring points in sector 5) price=4.92; predicted=clean actual=clean
[R13] executed R13:pm_hourly:S8_c0 (hourly PRB for S8_c0 over the outage-matched window) price=9.6; predicted=middle_zone actual=support_zone
[R14] executed R14:pm_hourly:S8_c1 (hourly PRB for S8_c1 over the outage-matched window) price=9.6; predicted=middle_zone actual=middle_zone
[R15] executed R15:pm_hourly:S8_c2 (hourly PRB for S8_c2 over the outage-matched window) price=9.6; predicted=middle_zone actual=middle_zone
[R16] agent2 fuse active: routed to baseline this round
[R16] executed R16:ring_sample:INT:6 (sample 4 ring points in sector 6) price=4.92; predicted=clean actual=clean
[R17] executed R17:ring_sample:INT:7 (sample 4 ring points in sector 7) price=4.92; predicted=clean actual=still_undecided
[R18] executed R18:ring_sample:INT:7 (sample 4 ring points in sector 7) price=4.92; predicted=clean actual=clean
[R19] executed R19:pm_15min:S8_c1 (15min PRB for S8_c1 over the outage-matched window) price=38.4; predicted=support actual=support
[R20] agent1 fuse active: routed to baseline this round
[R20] executed R20:pm_15min:S8_c2 (15min PRB for S8_c2 over the outage-matched window) price=38.4; predicted=support actual=support
[R21] executed R21:bg_sweep:COV:BG (background-grid sweep, 7 points) price=9.37; predicted=clears_theta actual=still_straddling
[R22] killed CAP:S2 (no longer anyone's best alternative)
[R22] agent1 fuse active: routed to baseline this round
[R22] executed R22:pm_hourly:S4 (hourly PRB for S4 over the outage-matched window) price=9.6; predicted=middle_zone actual=support_zone
[R23] executed R23:bg_sweep:COV:BG (background-grid sweep, 7 points) price=9.37; predicted=clears_theta actual=still_straddling
[R24] agent1 fuse active: routed to baseline this round
[R24] executed R24:bg_sweep:COV:BG (background-grid sweep, 8 points) price=10.93; predicted=still_straddling actual=still_straddling
[R25] killed CAP:S12 (no longer anyone's best alternative)
[R25] executed R25:bg_sweep:COV:BG (background-grid sweep, 8 points) price=10.93; predicted=still_straddling actual=still_straddling
[R26] executed R26:pm_hourly:S6 (hourly PRB for S6 over the outage-matched window) price=9.6; predicted=middle_zone actual=middle_zone
[R27] drilled down CAP:S6 -> 3 per-cell children
[R27] executed R27:pm_hourly:S6_c0 (hourly PRB for S6_c0 over the outage-matched window) price=9.6; predicted=middle_zone actual=middle_zone
[R28] agent2 fuse active: routed to baseline this round
[R28] executed R28:pm_hourly:S6_c1 (hourly PRB for S6_c1 over the outage-matched window) price=9.6; predicted=middle_zone actual=middle_zone
[R29] executed R29:pm_hourly:S6_c2 (hourly PRB for S6_c2 over the outage-matched window) price=9.6; predicted=middle_zone actual=support_zone
[R30] executed R30:pm_15min:S6_c0 (15min PRB for S6_c0 over the outage-matched window) price=38.4; predicted=support actual=refute
[R31] no ticketed claims; idle round (stability check)
[R32] no ticketed claims; idle round (stability check)