[R1] spawned CAP:S10 (major exit for BG)
[R1] spawned CAP:S2 (major exit for BG, V1)
[R1] spawned CAP:S4 (major exit for BG, V2, V5)
[R1] spawned CAP:S6 (major exit for V3)
[R1] executed R1:ring_sample:INT:0 (sample 4 ring points in sector 0) price=4.92; predicted=clean actual=contaminated
[R2] boundary expansion forced in sector 0 (integrity refuted)
[R3] executed R3:pm_hourly:S2 (hourly PRB for S2 over the outage-matched window) price=4.8; predicted=middle_zone actual=middle_zone
[R4] drilled down CAP:S2 -> 3 per-cell children
[R4] executed R4:pm_hourly:S6 (hourly PRB for S6 over the outage-matched window) price=4.8; predicted=middle_zone actual=middle_zone
[R5] drilled down CAP:S6 -> 3 per-cell children
[R5] agent2 fuse active: routed to baseline this round
[R5] executed R5:pm_hourly:S6_c0 (hourly PRB for S6_c0 over the outage-matched window) price=4.8; predicted=middle_zone actual=middle_zone
[R6] executed R6:pm_hourly:S6_c1 (hourly PRB for S6_c1 over the outage-matched window) price=4.8; predicted=middle_zone actual=middle_zone
[R7] agent2 fuse active: routed to baseline this round
[R7] executed R7:pm_hourly:S6_c2 (hourly PRB for S6_c2 over the outage-matched window) price=4.8; predicted=middle_zone actual=middle_zone
[R8] executed R8:ring_sample:INT:0 (sample 4 ring points in sector 0) price=4.92; predicted=clean actual=clean
[R9] executed R9:pm_hourly:S4 (hourly PRB for S4 over the outage-matched window) price=4.8; predicted=middle_zone actual=middle_zone
[R10] drilled down CAP:S4 -> 3 per-cell children
[R10] agent2 fuse active: routed to baseline this round
[R10] executed R10:profile:S2:same_weekday (historical profile (same_weekday) for S2 — judgment-firming, changes no claim directly) price=5.0; predicted=anchor_confirms actual=anchor_confirms
[R11] executed R11:profile:S4:same_weekday (historical profile (same_weekday) for S4 — judgment-firming, changes no claim directly) price=5.0; predicted=anchor_confirms actual=anchor_confirms
[R12] executed R12:profile:S6:same_weekday (historical profile (same_weekday) for S6 — judgment-firming, changes no claim directly) price=5.0; predicted=anchor_confirms actual=anchor_confirms
[R13] executed R13:pm_hourly:S10 (hourly PRB for S10 over the outage-matched window) price=4.8; predicted=middle_zone actual=middle_zone
[R14] drilled down CAP:S10 -> 3 per-cell children
[R14] executed R14:pm_hourly:S10_c0 (hourly PRB for S10_c0 over the outage-matched window) price=4.8; predicted=middle_zone actual=middle_zone
[R15] agent2 fuse active: routed to baseline this round
[R15] executed R15:profile:S10:same_weekday (historical profile (same_weekday) for S10 — judgment-firming, changes no claim directly) price=5.0; predicted=anchor_confirms actual=anchor_confirms
[R16] executed R16:pm_hourly:S10_c1 (hourly PRB for S10_c1 over the outage-matched window) price=4.8; predicted=middle_zone actual=refute_zone
[R17] executed R17:ring_sample:INT:1 (sample 4 ring points in sector 1) price=4.92; predicted=clean actual=still_undecided
[R18] executed R18:ring_sample:INT:1 (sample 4 ring points in sector 1) price=4.92; predicted=clean actual=clean
[R19] executed R19:ring_sample:INT:2 (sample 4 ring points in sector 2) price=4.92; predicted=clean actual=clean
[R20] executed R20:ring_sample:INT:3 (sample 4 ring points in sector 3) price=4.92; predicted=clean actual=contaminated
[R21] boundary expansion forced in sector 3 (integrity refuted)
[R22] executed R22:ring_sample:INT:4 (sample 4 ring points in sector 4) price=4.92; predicted=clean actual=clean
[R23] executed R23:ring_sample:INT:5 (sample 4 ring points in sector 5) price=4.92; predicted=clean actual=clean
[R24] executed R24:pm_15min:S6_c0 (15min PRB for S6_c0 over the outage-matched window) price=19.2; predicted=support actual=support
[R25] agent1 fuse active: routed to baseline this round
[R25] executed R25:ring_sample:INT:6 (sample 4 ring points in sector 6) price=4.92; predicted=clean actual=clean
[R26] executed R26:pm_15min:S6_c1 (15min PRB for S6_c1 over the outage-matched window) price=19.2; predicted=support actual=support
[R27] executed R27:ring_sample:INT:7 (sample 4 ring points in sector 7) price=4.92; predicted=clean actual=contaminated
[R28] boundary expansion forced in sector 7 (integrity refuted)
[R29] executed R29:pm_15min:S6_c2 (15min PRB for S6_c2 over the outage-matched window) price=19.2; predicted=support actual=refute
[R30] no ticketed claims; idle round (stability check)
[R31] no ticketed claims; idle round (stability check)